<?xml version="1.0" encoding="UTF-8"?>
<!-- Generated by org.testng.reporters.JUnitReportReporter -->
<testsuite hostname="DESKTOP-UFA15BI" failures="0" tests="3" name="day07.program03" time="76.585" errors="0" timestamp="2023-04-05T00:13:08 IST" skipped="0">
  <testcase classname="day07.program03" name="testCase" time="42.579"/>
  <system-out/>
  <testcase classname="day07.program03" name="testCase" time="19.164"/>
  <system-out/>
  <testcase classname="day07.program03" name="testCase" time="14.842"/>
  <system-out/>
</testsuite> <!-- day07.program03 -->
