<?xml version="1.0" encoding="UTF-8"?>
<!-- Generated by org.testng.reporters.JUnitReportReporter -->
<testsuite hostname="DESKTOP-UFA15BI" failures="0" tests="2" name="day06.program01" time="0.022" errors="0" timestamp="2023-04-04T23:36:20 IST" skipped="0">
  <testcase classname="day06.program01" name="testCases02" time="0.002"/>
  <system-out/>
  <testcase classname="day06.program01" name="testCases04" time="0.020"/>
  <system-out/>
</testsuite> <!-- day06.program01 -->
