<?xml version="1.0" encoding="UTF-8"?>
<!-- Generated by org.testng.reporters.JUnitReportReporter -->
<testsuite hostname="DESKTOP-UFA15BI" failures="0" tests="4" name="day07.program01" time="0.024" errors="0" timestamp="2023-04-04T23:55:08 IST" skipped="0">
  <testcase classname="day07.program01" name="testcase02" time="0.002"/>
  <system-out/>
  <testcase classname="day07.program01" name="testcase01" time="0.016"/>
  <system-out/>
  <testcase classname="day07.program01" name="testcase04" time="0.003"/>
  <system-out/>
  <testcase classname="day07.program01" name="testcase03" time="0.003"/>
  <system-out/>
</testsuite> <!-- day07.program01 -->
