<?xml version="1.0" encoding="UTF-8"?>
<!-- Generated by org.testng.reporters.JUnitReportReporter -->
<testsuite hostname="DESKTOP-UFA15BI" failures="0" tests="2" name="day08.program04" time="87.211" errors="0" timestamp="2023-04-05T09:41:48 IST" skipped="0">
  <testcase classname="day08.program04" name="testCase_Edge_1" time="54.949"/>
  <system-out/>
  <testcase classname="day08.program04" name="testCase_Edge_2" time="32.262"/>
  <system-out/>
</testsuite> <!-- day08.program04 -->
