<?xml version="1.0" encoding="UTF-8"?>
<!-- Generated by org.testng.reporters.JUnitReportReporter -->
<testsuite hostname="DESKTOP-UFA15BI" failures="0" tests="2" name="day08.program04" time="167.602" errors="0" timestamp="2023-04-06T19:50:01 IST" skipped="0">
  <testcase classname="day08.program04" name="testCase_Edge_1" time="127.234"/>
  <system-out/>
  <testcase classname="day08.program04" name="testCase_Edge_2" time="40.368"/>
  <system-out/>
</testsuite> <!-- day08.program04 -->
