<?xml version="1.0" encoding="UTF-8"?>
<!-- Generated by org.testng.reporters.JUnitReportReporter -->
<testsuite hostname="DESKTOP-UFA15BI" failures="0" tests="3" name="day06.program05" time="0.015" errors="0" timestamp="2023-03-31T23:58:48 IST" skipped="0">
  <testcase classname="day06.program05" name="testCases01" time="0.011"/>
  <system-out/>
  <testcase classname="day06.program05" name="testCases02" time="0.002"/>
  <system-out/>
  <testcase classname="day06.program05" name="testCases03" time="0.002"/>
  <system-out/>
</testsuite> <!-- day06.program05 -->
