<?xml version="1.0" encoding="UTF-8"?>
<!-- Generated by org.testng.reporters.JUnitReportReporter -->
<testsuite hostname="DESKTOP-UFA15BI" failures="0" tests="3" name="day06.program06" time="0.026" errors="0" timestamp="2023-04-01T00:00:13 IST" skipped="0">
  <testcase classname="day06.program06" name="testCases01" time="0.021"/>
  <system-out/>
  <testcase classname="day06.program06" name="testCases02" time="0.002"/>
  <system-out/>
  <testcase classname="day06.program06" name="testCases03" time="0.003"/>
  <system-out/>
</testsuite> <!-- day06.program06 -->
