<?xml version="1.0" encoding="UTF-8"?>
<!-- Generated by org.testng.reporters.JUnitReportReporter -->
<testsuite hostname="DESKTOP-UFA15BI" failures="0" tests="5" name="day06.program01" time="0.019" errors="0" timestamp="2023-03-31T23:52:14 IST" skipped="0">
  <testcase classname="day06.program01" name="testCases03" time="0.002"/>
  <system-out/>
  <testcase classname="day06.program01" name="testCases01" time="0.013"/>
  <system-out/>
  <testcase classname="day06.program01" name="testCases02" time="0.002"/>
  <system-out/>
  <testcase classname="day06.program01" name="testCases05" time="0.001"/>
  <system-out/>
  <testcase classname="day06.program01" name="testCases04" time="0.001"/>
  <system-out/>
</testsuite> <!-- day06.program01 -->
