<?xml version="1.0" encoding="UTF-8"?>
<!-- Generated by org.testng.reporters.JUnitReportReporter -->
<testsuite hostname="DESKTOP-UFA15BI" failures="0" tests="12" name="day06.program04" time="0.040" errors="0" timestamp="2023-03-31T23:57:05 IST" skipped="0">
  <testcase classname="day06.program04" name="testCases02" time="0.016"/>
  <system-out/>
  <testcase classname="day06.program04" name="testCases03" time="0.002"/>
  <system-out/>
  <testcase classname="day06.program04" name="testCases01" time="0.003"/>
  <system-out/>
  <testcase classname="day06.program04" name="testCases01" time="0.002"/>
  <system-out/>
  <testcase classname="day06.program04" name="testCases01" time="0.002"/>
  <system-out/>
  <testcase classname="day06.program04" name="testCases01" time="0.002"/>
  <system-out/>
  <testcase classname="day06.program04" name="testCases01" time="0.002"/>
  <system-out/>
  <testcase classname="day06.program04" name="testCases01" time="0.002"/>
  <system-out/>
  <testcase classname="day06.program04" name="testCases01" time="0.002"/>
  <system-out/>
  <testcase classname="day06.program04" name="testCases01" time="0.002"/>
  <system-out/>
  <testcase classname="day06.program04" name="testCases01" time="0.003"/>
  <system-out/>
  <testcase classname="day06.program04" name="testCases01" time="0.002"/>
  <system-out/>
</testsuite> <!-- day06.program04 -->
