<?xml version="1.0" encoding="UTF-8"?>
<!-- Generated by org.testng.reporters.JUnitReportReporter -->
<testsuite hostname="DESKTOP-UFA15BI" failures="0" tests="3" name="day06.program07" time="0.010" errors="0" timestamp="2023-04-04T23:36:20 IST" skipped="0">
  <testcase classname="day06.program07" name="testCases07" time="0.002"/>
  <system-out/>
  <testcase classname="day06.program07" name="testCases09" time="0.005"/>
  <system-out/>
  <testcase classname="day06.program07" name="testCases010" time="0.003"/>
  <system-out/>
</testsuite> <!-- day06.program07 -->
