<?xml version="1.0" encoding="UTF-8"?>
<!-- Generated by org.testng.reporters.JUnitReportReporter -->
<testsuite hostname="DESKTOP-UFA15BI" failures="0" tests="1" name="day08.program01" time="29.262" errors="0" timestamp="2023-04-05T09:31:30 IST" skipped="0">
  <testcase classname="day08.program01" name="testCase" time="29.262"/>
  <system-out/>
</testsuite> <!-- day08.program01 -->
