<?xml version="1.0" encoding="UTF-8"?>
<!-- Generated by org.testng.reporters.JUnitReportReporter -->
<testsuite hostname="DESKTOP-UFA15BI" failures="0" tests="5" name="day06.program03" time="0.018" errors="0" timestamp="2023-03-31T23:55:59 IST" skipped="1">
  <testcase classname="day06.program03" name="testCases03" time="0.001"/>
  <system-out/>
  <testcase classname="day06.program03" name="testCases01" time="0.013"/>
  <system-out/>
  <testcase classname="day06.program03" name="testCases02" time="0.001"/>
  <system-out/>
  <testcase classname="day06.program03" name="testCases04" time="0.003"/>
  <system-out/>
  <testcase classname="day06.program03" name="testCases05">
    <skipped/>
  </testcase> <!-- testCases05 -->
  <system-out/>
</testsuite> <!-- day06.program03 -->
