<?xml version="1.0" encoding="UTF-8"?>
<!-- Generated by org.testng.reporters.JUnitReportReporter -->
<testsuite hostname="DESKTOP-UFA15BI" failures="0" tests="3" name="day07.program02" time="0.015" errors="0" timestamp="2023-04-05T00:10:50 IST" skipped="0">
  <testcase classname="day07.program02" name="testcase05" time="0.010"/>
  <system-out/>
  <testcase classname="day07.program02" name="testcase07" time="0.002"/>
  <system-out/>
  <testcase classname="day07.program02" name="testcase08" time="0.003"/>
  <system-out/>
</testsuite> <!-- day07.program02 -->
